
   RESPONSE:
<!DOCTYPE html PUBLIC "-//W3C//DTD XHTML 1.0 Strict//EN" "http://www.w3.org/TR/xhtml1/DTD/xhtml1-strict.dtd"><html xmlns="http://www.w3.org/1999/xhtml"><head><title>Oracle GlassFish Server 3.1.2.2 - Error report</title><style type="text/css"><!--H1 {font-family:Tahoma,Arial,sans-serif;color:white;background-color:#525D76;font-size:22px;} H2 {font-family:Tahoma,Arial,sans-serif;color:white;background-color:#525D76;font-size:16px;} H3 {font-family:Tahoma,Arial,sans-serif;color:white;background-color:#525D76;font-size:14px;} BODY {font-family:Tahoma,Arial,sans-serif;color:black;background-color:white;} B {font-family:Tahoma,Arial,sans-serif;color:white;background-color:#525D76;} P {font-family:Tahoma,Arial,sans-serif;background:white;color:black;font-size:12px;}A {color : black;}HR {color : #525D76;}--></style> </head><body><h1>HTTP Status 404 - Not Found</h1><hr/><p><b>type</b> Status report</p><p><b>message</b>Not Found</p><p><b>description</b>The requested resource (Not Found) is not available.</p><hr/><h3>Oracle GlassFish Server 3.1.2.2</h3></body></html>
   URL:http://localhost:8080/DSProductInventory/webresources/productinventoring/
   TIME:0,050
   STATUS:404
   METHOD:POST
   INPUT FILE:json/./json/pi.json


   RESPONSE:
<!DOCTYPE html PUBLIC "-//W3C//DTD XHTML 1.0 Strict//EN" "http://www.w3.org/TR/xhtml1/DTD/xhtml1-strict.dtd"><html xmlns="http://www.w3.org/1999/xhtml"><head><title>Oracle GlassFish Server 3.1.2.2 - Error report</title><style type="text/css"><!--H1 {font-family:Tahoma,Arial,sans-serif;color:white;background-color:#525D76;font-size:22px;} H2 {font-family:Tahoma,Arial,sans-serif;color:white;background-color:#525D76;font-size:16px;} H3 {font-family:Tahoma,Arial,sans-serif;color:white;background-color:#525D76;font-size:14px;} BODY {font-family:Tahoma,Arial,sans-serif;color:black;background-color:white;} B {font-family:Tahoma,Arial,sans-serif;color:white;background-color:#525D76;} P {font-family:Tahoma,Arial,sans-serif;background:white;color:black;font-size:12px;}A {color : black;}HR {color : #525D76;}--></style> </head><body><h1>HTTP Status 404 - Not Found</h1><hr/><p><b>type</b> Status report</p><p><b>message</b>Not Found</p><p><b>description</b>The requested resource (Not Found) is not available.</p><hr/><h3>Oracle GlassFish Server 3.1.2.2</h3></body></html>
   URL:http://localhost:8080/DSProductInventory/webresources/productinventory/
   TIME:0,071
   STATUS:404
   METHOD:POST
   INPUT FILE:json/./json/pi.json


   RESPONSE:
<!DOCTYPE html PUBLIC "-//W3C//DTD XHTML 1.0 Strict//EN" "http://www.w3.org/TR/xhtml1/DTD/xhtml1-strict.dtd"><html xmlns="http://www.w3.org/1999/xhtml"><head><title>Oracle GlassFish Server 3.1.2.2 - Error report</title><style type="text/css"><!--H1 {font-family:Tahoma,Arial,sans-serif;color:white;background-color:#525D76;font-size:22px;} H2 {font-family:Tahoma,Arial,sans-serif;color:white;background-color:#525D76;font-size:16px;} H3 {font-family:Tahoma,Arial,sans-serif;color:white;background-color:#525D76;font-size:14px;} BODY {font-family:Tahoma,Arial,sans-serif;color:black;background-color:white;} B {font-family:Tahoma,Arial,sans-serif;color:white;background-color:#525D76;} P {font-family:Tahoma,Arial,sans-serif;background:white;color:black;font-size:12px;}A {color : black;}HR {color : #525D76;}--></style> </head><body><h1>HTTP Status 404 - Not Found</h1><hr/><p><b>type</b> Status report</p><p><b>message</b>Not Found</p><p><b>description</b>The requested resource (Not Found) is not available.</p><hr/><h3>Oracle GlassFish Server 3.1.2.2</h3></body></html>
   URL:http://localhost:8080/DSProductInventory/webresources/productinventory/
   TIME:0,066
   STATUS:404
   METHOD:POST
   INPUT FILE:./json/pi.json


   RESPONSE:
<!DOCTYPE html PUBLIC "-//W3C//DTD XHTML 1.0 Strict//EN" "http://www.w3.org/TR/xhtml1/DTD/xhtml1-strict.dtd"><html xmlns="http://www.w3.org/1999/xhtml"><head><title>Oracle GlassFish Server 3.1.2.2 - Error report</title><style type="text/css"><!--H1 {font-family:Tahoma,Arial,sans-serif;color:white;background-color:#525D76;font-size:22px;} H2 {font-family:Tahoma,Arial,sans-serif;color:white;background-color:#525D76;font-size:16px;} H3 {font-family:Tahoma,Arial,sans-serif;color:white;background-color:#525D76;font-size:14px;} BODY {font-family:Tahoma,Arial,sans-serif;color:black;background-color:white;} B {font-family:Tahoma,Arial,sans-serif;color:white;background-color:#525D76;} P {font-family:Tahoma,Arial,sans-serif;background:white;color:black;font-size:12px;}A {color : black;}HR {color : #525D76;}--></style> </head><body><h1>HTTP Status 500 - </h1><hr/><p><b>type</b> Exception report</p><p><b>message</b></p><p><b>description</b>The server encountered an internal error () that prevented it from fulfilling this request.</p><p><b>exception</b> <pre>javax.servlet.ServletException: org.codehaus.jackson.JsonParseException: Invalid UTF-8 start byte 0x85
 at [Source: org.apache.catalina.connector.CoyoteInputStream@625b057b; line: 1, column: 261]</pre></p><p><b>root cause</b> <pre>org.codehaus.jackson.JsonParseException: Invalid UTF-8 start byte 0x85
 at [Source: org.apache.catalina.connector.CoyoteInputStream@625b057b; line: 1, column: 261]</pre></p><p><b>note</b> <u>The full stack traces of the exception and its root causes are available in the Oracle GlassFish Server 3.1.2.2 logs.</u></p><hr/><h3>Oracle GlassFish Server 3.1.2.2</h3></body></html>
   URL:http://localhost:8080/DSProductInventory/webresources/productInventory/
   TIME:0,274
   STATUS:500
   METHOD:POST
   INPUT FILE:./json/pi.json


   RESPONSE:
{"id":"6","name":"Broadband","description":"Description of the instantiated broadband product","status":"pending active","isBundle":true,"isCustomerVisible":true,"productSerialNumber":"Not useful in this case, we are describing a service","startDate":"2014-04-25T14:16:43","orderDate":"2014-04-25T14:16:43","terminationDate":null,"productOffering":{"id":"http://server:port/catalogApi/productOffering/4","name":"My Quick BB Offer"},"productSpecification":{"id":"http://server:port/catalogApi/productOffering/4"},"productCharacteristics":[{"name":"speed","value":"16M"}],"productRelationships":[{"type":"contains","product":{"id":"http://server:port/inventoryApi/product/59"}}],"billingAccount":[{"id":"http://server:port/billingApi/billingAccount/678","name":"account name"}],"relatedParties":[{"role":"partner","reference":"http://serverlocation:port/partnerManagement/partner/42"}],"agreement":[{"id":""}],"place":"http://map.google.com/.../1234112GDE","realizingResources":[{"id":"not useful in this case, we are describing a service"}],"realizingServices":[{"id":"http://server:port/inventoryApi/service/46779"}],"productPrices":[{"name":"","description":"","validFor":{"startDateTime":"2014-04-25T14:16:43","endDateTime":"2014-04-25T14:16:43"},"priceType":"recurring","unitOfMeasure":"","price":{"amount":"12","currency":"$"},"recurringChargePeriod":"monthly"}]}
   URL:http://localhost:8080/DSProductInventory/webresources/productInventory/
   TIME:0,172
   STATUS:201
   METHOD:POST
   INPUT FILE:./json/pi.json


   RESPONSE:
{"id":"8","name":"Broadband","description":"Description of the instantiated broadband product","status":"pending active","isBundle":true,"isCustomerVisible":true,"productSerialNumber":"Not useful in this case, we are describing a service","startDate":"2014-04-25T14:16:43","orderDate":"2014-04-25T14:16:43","terminationDate":null,"productOffering":{"id":"http://server:port/catalogApi/productOffering/4","name":"My Quick BB Offer"},"productSpecification":{"id":"http://server:port/catalogApi/productOffering/4"},"productCharacteristics":[{"name":"speed","value":"16M"}],"productRelationships":[{"type":"contains","product":{"id":"http://server:port/inventoryApi/product/59"}}],"billingAccount":[{"id":"http://server:port/billingApi/billingAccount/678","name":"account name"}],"relatedParties":[{"role":"partner","reference":"http://serverlocation:port/partnerManagement/partner/42"}],"agreement":[{"id":""}],"place":"http://map.google.com/.../1234112GDE","realizingResources":[{"id":"not useful in this case, we are describing a service"}],"realizingServices":[{"id":"http://server:port/inventoryApi/service/46779"}],"productPrices":[{"name":"","description":"","validFor":{"startDateTime":"2014-04-25T14:16:43","endDateTime":"2014-04-25T14:16:43"},"priceType":"recurring","unitOfMeasure":"","price":{"amount":"12","currency":"$"},"recurringChargePeriod":"monthly"}]}
   URL:http://localhost:8080/DSProductInventory/webresources/productInventory/
   TIME:0,135
   STATUS:201
   METHOD:POST
   INPUT FILE:./json/create.json


   RESPONSE:
{"id":"2","name":"Broadband MODIFIED","description":"Description of the instantiated broadband product","status":"pending active","isBundle":true,"isCustomerVisible":true,"productSerialNumber":"Not useful in this case, we are describing a service","startDate":"2014-04-25T14:16:43","orderDate":"2014-04-25T14:16:43","terminationDate":null,"productOffering":{"id":"http://server:port/catalogApi/productOffering/4","name":"My Quick BB Offer"},"productSpecification":{"id":"http://server:port/catalogApi/productOffering/4"},"productCharacteristics":[{"name":"speed","value":"16M"}],"productRelationships":[{"type":"contains","product":{"id":"http://server:port/inventoryApi/product/59"}}],"billingAccount":[{"id":"http://server:port/billingApi/billingAccount/678","name":"account name"}],"relatedParties":[{"role":"partner","reference":"http://serverlocation:port/partnerManagement/partner/42"}],"agreement":[{"id":""}],"place":"http://map.google.com/.../1234112GDE","realizingResources":[{"id":"not useful in this case, we are describing a service"}],"realizingServices":[{"id":"http://server:port/inventoryApi/service/46779"}],"productPrices":[{"name":"","description":"","validFor":{"startDateTime":"2014-04-25T14:16:43","endDateTime":"2014-04-25T14:16:43"},"priceType":"recurring","unitOfMeasure":"","price":{"amount":"12","currency":"$"},"recurringChargePeriod":"monthly"}]}
   URL:http://localhost:8080/DSProductInventory/webresources/productInventory/2
   TIME:0,421
   STATUS:201
   METHOD:PUT
   INPUT FILE:./json/put.json


   RESPONSE:
[{"id":"2","name":"Broadband MODIFIED","description":"Description of the instantiated broadband product","status":"pending active","isBundle":true,"isCustomerVisible":true,"productSerialNumber":"Not useful in this case, we are describing a service","startDate":"2014-04-25T14:16:43","orderDate":"2014-04-25T14:16:43","terminationDate":null,"productOffering":{"id":"http://server:port/catalogApi/productOffering/4","name":"My Quick BB Offer"},"productSpecification":{"id":"http://server:port/catalogApi/productOffering/4"},"productCharacteristics":[{"name":"speed","value":"16M"}],"productRelationships":[{"type":"contains","product":{"id":"http://server:port/inventoryApi/product/59"}}],"billingAccount":[{"id":"http://server:port/billingApi/billingAccount/678","name":"account name"}],"relatedParties":[{"role":"partner","reference":"http://serverlocation:port/partnerManagement/partner/42"}],"agreement":[{"id":""}],"place":"http://map.google.com/.../1234112GDE","realizingResources":[{"id":"not useful in this case, we are describing a service"}],"realizingServices":[{"id":"http://server:port/inventoryApi/service/46779"}],"productPrices":[{"name":"","description":"","validFor":{"startDateTime":"2014-04-25T14:16:43","endDateTime":"2014-04-25T14:16:43"},"priceType":"recurring","unitOfMeasure":"","price":{"amount":"12","currency":"$"},"recurringChargePeriod":"monthly"}]},{"id":"4","name":"Broadband","description":"Description of the instantiated broadband product","status":"pending active","isBundle":true,"isCustomerVisible":true,"productSerialNumber":"Not useful in this case, we are describing a service…","startDate":"2014-04-25T14:16:43","orderDate":"2014-04-25T14:16:43","terminationDate":null,"productOffering":{"id":"http://server:port/catalogApi/productOffering/4","name":"My Quick BB Offer"},"productSpecification":{"id":"http://server:port/catalogApi/productOffering/4"},"productCharacteristics":[{"name":"speed","value":"16M"}],"productRelationships":[{"type":"contains","product":{"id":"http://server:port/inventoryApi/product/59"}}],"billingAccount":[{"id":"http://server:port/billingApi/billingAccount/678","name":"account name"}],"relatedParties":[{"role":"partner","reference":"http://serverlocation:port/partnerManagement/partner/42"}],"agreement":[{"id":"…"}],"place":"http://map.google.com/.../1234112GDE","realizingResources":[{"id":"not useful in this case, we are describing a service…"}],"realizingServices":[{"id":"http://server:port/inventoryApi/service/46779"}],"productPrices":[{"name":"…","description":"","validFor":{"startDateTime":"2014-04-25T14:16:43","endDateTime":"2014-04-25T14:16:43"},"priceType":"recurring","unitOfMeasure":"","price":{"amount":"12","currency":"$"},"recurringChargePeriod":"monthly"}]},{"id":"6","name":"Broadband","description":"Description of the instantiated broadband product","status":"pending active","isBundle":true,"isCustomerVisible":true,"productSerialNumber":"Not useful in this case, we are describing a service","startDate":"2014-04-25T14:16:43","orderDate":"2014-04-25T14:16:43","terminationDate":null,"productOffering":{"id":"http://server:port/catalogApi/productOffering/4","name":"My Quick BB Offer"},"productSpecification":{"id":"http://server:port/catalogApi/productOffering/4"},"productCharacteristics":[{"name":"speed","value":"16M"}],"productRelationships":[{"type":"contains","product":{"id":"http://server:port/inventoryApi/product/59"}}],"billingAccount":[{"id":"http://server:port/billingApi/billingAccount/678","name":"account name"}],"relatedParties":[{"role":"partner","reference":"http://serverlocation:port/partnerManagement/partner/42"}],"agreement":[{"id":""}],"place":"http://map.google.com/.../1234112GDE","realizingResources":[{"id":"not useful in this case, we are describing a service"}],"realizingServices":[{"id":"http://server:port/inventoryApi/service/46779"}],"productPrices":[{"name":"","description":"","validFor":{"startDateTime":"2014-04-25T14:16:43","endDateTime":"2014-04-25T14:16:43"},"priceType":"recurring","unitOfMeasure":"","price":{"amount":"12","currency":"$"},"recurringChargePeriod":"monthly"}]},{"id":"8","name":"Broadband","description":"Description of the instantiated broadband product","status":"pending active","isBundle":true,"isCustomerVisible":true,"productSerialNumber":"Not useful in this case, we are describing a service","startDate":"2014-04-25T14:16:43","orderDate":"2014-04-25T14:16:43","terminationDate":null,"productOffering":{"id":"http://server:port/catalogApi/productOffering/4","name":"My Quick BB Offer"},"productSpecification":{"id":"http://server:port/catalogApi/productOffering/4"},"productCharacteristics":[{"name":"speed","value":"16M"}],"productRelationships":[{"type":"contains","product":{"id":"http://server:port/inventoryApi/product/59"}}],"billingAccount":[{"id":"http://server:port/billingApi/billingAccount/678","name":"account name"}],"relatedParties":[{"role":"partner","reference":"http://serverlocation:port/partnerManagement/partner/42"}],"agreement":[{"id":""}],"place":"http://map.google.com/.../1234112GDE","realizingResources":[{"id":"not useful in this case, we are describing a service"}],"realizingServices":[{"id":"http://server:port/inventoryApi/service/46779"}],"productPrices":[{"name":"","description":"","validFor":{"startDateTime":"2014-04-25T14:16:43","endDateTime":"2014-04-25T14:16:43"},"priceType":"recurring","unitOfMeasure":"","price":{"amount":"12","currency":"$"},"recurringChargePeriod":"monthly"}]}]
   URL:http://localhost:8080/DSProductInventory/webresources/productInventory/
   TIME:0,220
   STATUS:200
   METHOD:GET


   RESPONSE:
[{"id":"2","name":"Broadband MODIFIED","description":"Description of the instantiated broadband product","status":"pending active","isBundle":true,"isCustomerVisible":true,"productSerialNumber":"Not useful in this case, we are describing a service","startDate":"2014-04-25T14:16:43","orderDate":"2014-04-25T14:16:43","terminationDate":null,"productOffering":{"id":"http://server:port/catalogApi/productOffering/4","name":"My Quick BB Offer"},"productSpecification":{"id":"http://server:port/catalogApi/productOffering/4"},"productCharacteristics":[{"name":"speed","value":"16M"}],"productRelationships":[{"type":"contains","product":{"id":"http://server:port/inventoryApi/product/59"}}],"billingAccount":[{"id":"http://server:port/billingApi/billingAccount/678","name":"account name"}],"relatedParties":[{"role":"partner","reference":"http://serverlocation:port/partnerManagement/partner/42"}],"agreement":[{"id":""}],"place":"http://map.google.com/.../1234112GDE","realizingResources":[{"id":"not useful in this case, we are describing a service"}],"realizingServices":[{"id":"http://server:port/inventoryApi/service/46779"}],"productPrices":[{"name":"","description":"","validFor":{"startDateTime":"2014-04-25T14:16:43","endDateTime":"2014-04-25T14:16:43"},"priceType":"recurring","unitOfMeasure":"","price":{"amount":"12","currency":"$"},"recurringChargePeriod":"monthly"}]},{"id":"4","name":"Broadband","description":"Description of the instantiated broadband product","status":"pending active","isBundle":true,"isCustomerVisible":true,"productSerialNumber":"Not useful in this case, we are describing a service…","startDate":"2014-04-25T14:16:43","orderDate":"2014-04-25T14:16:43","terminationDate":null,"productOffering":{"id":"http://server:port/catalogApi/productOffering/4","name":"My Quick BB Offer"},"productSpecification":{"id":"http://server:port/catalogApi/productOffering/4"},"productCharacteristics":[{"name":"speed","value":"16M"}],"productRelationships":[{"type":"contains","product":{"id":"http://server:port/inventoryApi/product/59"}}],"billingAccount":[{"id":"http://server:port/billingApi/billingAccount/678","name":"account name"}],"relatedParties":[{"role":"partner","reference":"http://serverlocation:port/partnerManagement/partner/42"}],"agreement":[{"id":"…"}],"place":"http://map.google.com/.../1234112GDE","realizingResources":[{"id":"not useful in this case, we are describing a service…"}],"realizingServices":[{"id":"http://server:port/inventoryApi/service/46779"}],"productPrices":[{"name":"…","description":"","validFor":{"startDateTime":"2014-04-25T14:16:43","endDateTime":"2014-04-25T14:16:43"},"priceType":"recurring","unitOfMeasure":"","price":{"amount":"12","currency":"$"},"recurringChargePeriod":"monthly"}]},{"id":"6","name":"Broadband","description":"Description of the instantiated broadband product","status":"pending active","isBundle":true,"isCustomerVisible":true,"productSerialNumber":"Not useful in this case, we are describing a service","startDate":"2014-04-25T14:16:43","orderDate":"2014-04-25T14:16:43","terminationDate":null,"productOffering":{"id":"http://server:port/catalogApi/productOffering/4","name":"My Quick BB Offer"},"productSpecification":{"id":"http://server:port/catalogApi/productOffering/4"},"productCharacteristics":[{"name":"speed","value":"16M"}],"productRelationships":[{"type":"contains","product":{"id":"http://server:port/inventoryApi/product/59"}}],"billingAccount":[{"id":"http://server:port/billingApi/billingAccount/678","name":"account name"}],"relatedParties":[{"role":"partner","reference":"http://serverlocation:port/partnerManagement/partner/42"}],"agreement":[{"id":""}],"place":"http://map.google.com/.../1234112GDE","realizingResources":[{"id":"not useful in this case, we are describing a service"}],"realizingServices":[{"id":"http://server:port/inventoryApi/service/46779"}],"productPrices":[{"name":"","description":"","validFor":{"startDateTime":"2014-04-25T14:16:43","endDateTime":"2014-04-25T14:16:43"},"priceType":"recurring","unitOfMeasure":"","price":{"amount":"12","currency":"$"},"recurringChargePeriod":"monthly"}]},{"id":"8","name":"Broadband","description":"Description of the instantiated broadband product","status":"pending active","isBundle":true,"isCustomerVisible":true,"productSerialNumber":"Not useful in this case, we are describing a service","startDate":"2014-04-25T14:16:43","orderDate":"2014-04-25T14:16:43","terminationDate":null,"productOffering":{"id":"http://server:port/catalogApi/productOffering/4","name":"My Quick BB Offer"},"productSpecification":{"id":"http://server:port/catalogApi/productOffering/4"},"productCharacteristics":[{"name":"speed","value":"16M"}],"productRelationships":[{"type":"contains","product":{"id":"http://server:port/inventoryApi/product/59"}}],"billingAccount":[{"id":"http://server:port/billingApi/billingAccount/678","name":"account name"}],"relatedParties":[{"role":"partner","reference":"http://serverlocation:port/partnerManagement/partner/42"}],"agreement":[{"id":""}],"place":"http://map.google.com/.../1234112GDE","realizingResources":[{"id":"not useful in this case, we are describing a service"}],"realizingServices":[{"id":"http://server:port/inventoryApi/service/46779"}],"productPrices":[{"name":"","description":"","validFor":{"startDateTime":"2014-04-25T14:16:43","endDateTime":"2014-04-25T14:16:43"},"priceType":"recurring","unitOfMeasure":"","price":{"amount":"12","currency":"$"},"recurringChargePeriod":"monthly"}]}]
   URL:http://localhost:8080/DSProductInventory/webresources/productInventory/
   TIME:0,073
   STATUS:200
   METHOD:GET


   RESPONSE:
{"id":"2","name":"Broadband MODIFIED","description":"Description of the instantiated broadband product","status":"pending active","isBundle":true,"isCustomerVisible":true,"productSerialNumber":"Not useful in this case, we are describing a service","startDate":"2014-04-25T14:16:43","orderDate":"2014-04-25T14:16:43","terminationDate":null,"productOffering":{"id":"http://server:port/catalogApi/productOffering/4","name":"My Quick BB Offer"},"productSpecification":{"id":"http://server:port/catalogApi/productOffering/4"},"productCharacteristics":[{"name":"speed","value":"16M"}],"productRelationships":[{"type":"contains","product":{"id":"http://server:port/inventoryApi/product/59"}}],"billingAccount":[{"id":"http://server:port/billingApi/billingAccount/678","name":"account name"}],"relatedParties":[{"role":"partner","reference":"http://serverlocation:port/partnerManagement/partner/42"}],"agreement":[{"id":""}],"place":"http://map.google.com/.../1234112GDE","realizingResources":[{"id":"not useful in this case, we are describing a service"}],"realizingServices":[{"id":"http://server:port/inventoryApi/service/46779"}],"productPrices":[{"name":"","description":"","validFor":{"startDateTime":"2014-04-25T14:16:43","endDateTime":"2014-04-25T14:16:43"},"priceType":"recurring","unitOfMeasure":"","price":{"amount":"12","currency":"$"},"recurringChargePeriod":"monthly"}]}
   URL:http://localhost:8080/DSProductInventory/webresources/productInventory/2
   TIME:0,080
   STATUS:200
   METHOD:GET


   RESPONSE:
<!DOCTYPE html PUBLIC "-//W3C//DTD XHTML 1.0 Strict//EN" "http://www.w3.org/TR/xhtml1/DTD/xhtml1-strict.dtd"><html xmlns="http://www.w3.org/1999/xhtml"><head><title>Oracle GlassFish Server 3.1.2.2 - Error report</title><style type="text/css"><!--H1 {font-family:Tahoma,Arial,sans-serif;color:white;background-color:#525D76;font-size:22px;} H2 {font-family:Tahoma,Arial,sans-serif;color:white;background-color:#525D76;font-size:16px;} H3 {font-family:Tahoma,Arial,sans-serif;color:white;background-color:#525D76;font-size:14px;} BODY {font-family:Tahoma,Arial,sans-serif;color:black;background-color:white;} B {font-family:Tahoma,Arial,sans-serif;color:white;background-color:#525D76;} P {font-family:Tahoma,Arial,sans-serif;background:white;color:black;font-size:12px;}A {color : black;}HR {color : #525D76;}--></style> </head><body><h1>HTTP Status 500 - </h1><hr/><p><b>type</b> Exception report</p><p><b>message</b></p><p><b>description</b>The server encountered an internal error () that prevented it from fulfilling this request.</p><p><b>exception</b> <pre>javax.servlet.ServletException: javax.transaction.RollbackException: Transaction marked for rollback.</pre></p><p><b>root cause</b> <pre>javax.transaction.RollbackException: Transaction marked for rollback.</pre></p><p><b>root cause</b> <pre>javax.validation.ConstraintViolationException: Bean Validation constraint(s) violated while executing Automatic Bean Validation on callback event:'preUpdate'. Please refer to embedded ConstraintViolations for details.</pre></p><p><b>note</b> <u>The full stack traces of the exception and its root causes are available in the Oracle GlassFish Server 3.1.2.2 logs.</u></p><hr/><h3>Oracle GlassFish Server 3.1.2.2</h3></body></html>
   URL:http://localhost:8080/DSProductInventory/webresources/productInventory/2
   TIME:0,446
   STATUS:500
   METHOD:PUT
   INPUT FILE:./json/patch.json


   RESPONSE:
{"id":"12","name":"Broadband","description":"Description of the instantiated broadband product","status":"pending active","isBundle":true,"isCustomerVisible":true,"productSerialNumber":"Not useful in this case, we are describing a service","startDate":"2014-04-25T14:16:43","orderDate":"2014-04-25T14:16:43","terminationDate":null,"productOffering":{"id":"http://server:port/catalogApi/productOffering/4","name":"My Quick BB Offer"},"productSpecification":{"id":"http://server:port/catalogApi/productOffering/4"},"productCharacteristics":[{"name":"speed","value":"16M"}],"productRelationships":[{"type":"contains","product":{"id":"http://server:port/inventoryApi/product/59"}}],"billingAccount":[{"id":"http://server:port/billingApi/billingAccount/678","name":"account name"}],"relatedParties":[{"role":"partner","reference":"http://serverlocation:port/partnerManagement/partner/42"}],"agreement":[{"id":""}],"place":"http://map.google.com/.../1234112GDE","realizingResources":[{"id":"not useful in this case, we are describing a service"}],"realizingServices":[{"id":"http://server:port/inventoryApi/service/46779"}],"productPrices":[{"name":"","description":"","validFor":{"startDateTime":"2014-04-25T14:16:43","endDateTime":"2014-04-25T14:16:43"},"priceType":"recurring","unitOfMeasure":"","price":{"amount":"12","currency":"$"},"recurringChargePeriod":"monthly"}]}
   URL:http://localhost:8080/DSProductInventory/webresources/productInventory/
   TIME:0,168
   STATUS:201
   METHOD:POST
   INPUT FILE:./json/create.json


   RESPONSE:
<!DOCTYPE html PUBLIC "-//W3C//DTD XHTML 1.0 Strict//EN" "http://www.w3.org/TR/xhtml1/DTD/xhtml1-strict.dtd"><html xmlns="http://www.w3.org/1999/xhtml"><head><title>Oracle GlassFish Server 3.1.2.2 - Error report</title><style type="text/css"><!--H1 {font-family:Tahoma,Arial,sans-serif;color:white;background-color:#525D76;font-size:22px;} H2 {font-family:Tahoma,Arial,sans-serif;color:white;background-color:#525D76;font-size:16px;} H3 {font-family:Tahoma,Arial,sans-serif;color:white;background-color:#525D76;font-size:14px;} BODY {font-family:Tahoma,Arial,sans-serif;color:black;background-color:white;} B {font-family:Tahoma,Arial,sans-serif;color:white;background-color:#525D76;} P {font-family:Tahoma,Arial,sans-serif;background:white;color:black;font-size:12px;}A {color : black;}HR {color : #525D76;}--></style> </head><body><h1>HTTP Status 500 - </h1><hr/><p><b>type</b> Exception report</p><p><b>message</b></p><p><b>description</b>The server encountered an internal error () that prevented it from fulfilling this request.</p><p><b>exception</b> <pre>javax.servlet.ServletException: javax.transaction.RollbackException: Transaction marked for rollback.</pre></p><p><b>root cause</b> <pre>javax.transaction.RollbackException: Transaction marked for rollback.</pre></p><p><b>root cause</b> <pre>javax.validation.ConstraintViolationException: Bean Validation constraint(s) violated while executing Automatic Bean Validation on callback event:'preUpdate'. Please refer to embedded ConstraintViolations for details.</pre></p><p><b>note</b> <u>The full stack traces of the exception and its root causes are available in the Oracle GlassFish Server 3.1.2.2 logs.</u></p><hr/><h3>Oracle GlassFish Server 3.1.2.2</h3></body></html>
   URL:http://localhost:8080/DSProductInventory/webresources/productInventory/4
   TIME:0,254
   STATUS:500
   METHOD:PUT
   INPUT FILE:./json/patch.json


   RESPONSE:
{"id":"4","name":"Broadband","description":"Description of the instantiated broadband product","status":"terminated","isBundle":true,"isCustomerVisible":false,"productSerialNumber":"Not useful in this case, we are describing a service…","startDate":"2014-04-25T14:16:43","orderDate":"2014-04-25T14:16:43","terminationDate":null,"productOffering":{"id":"http://server:port/catalogApi/productOffering/4","name":"My Quick BB Offer MODIFIED"},"productSpecification":{"id":"http://server:port/catalogApi/productOffering/4"},"productCharacteristics":[{"name":"speed","value":"16M"}],"productRelationships":[{"type":"contains","product":{"id":"http://server:port/inventoryApi/product/59"}}],"billingAccount":[{"id":"http://server:port/billingApi/billingAccount/678","name":"account name"}],"relatedParties":[{"role":"partner","reference":"http://serverlocation:port/partnerManagement/partner/42"}],"agreement":[{"id":"…"}],"place":"http://map.google.com/.../1234112GDE","realizingResources":[{"id":"not useful in this case, we are describing a service…"}],"realizingServices":[{"id":"http://server:port/inventoryApi/service/46779"}],"productPrices":[{"name":"…","description":"","validFor":{"startDateTime":"2014-04-25T14:16:43","endDateTime":"2014-04-25T14:16:43"},"priceType":"recurring","unitOfMeasure":"","price":{"amount":"12","currency":"$"},"recurringChargePeriod":"monthly"}]}
   URL:http://localhost:8080/DSProductInventory/webresources/productInventory/4
   TIME:0,180
   STATUS:201
   METHOD:PATCH
   INPUT FILE:./json/patch.json


   RESPONSE:
{"id":"6","name":"Broadband","description":"Description of the instantiated broadband product","status":"terminated","isBundle":true,"isCustomerVisible":false,"productSerialNumber":"Not useful in this case, we are describing a service","startDate":"2014-04-25T14:16:43","orderDate":"2014-04-25T14:16:43","terminationDate":null,"productOffering":{"id":"http://server:port/catalogApi/productOffering/4","name":"My Quick BB Offer MODIFIED"},"productSpecification":{"id":"http://server:port/catalogApi/productOffering/4"},"productCharacteristics":[{"name":"speed","value":"16M"}],"productRelationships":[{"type":"contains","product":{"id":"http://server:port/inventoryApi/product/59"}}],"billingAccount":[{"id":"http://server:port/billingApi/billingAccount/678","name":"account name"}],"relatedParties":[{"role":"partner","reference":"http://serverlocation:port/partnerManagement/partner/42"}],"agreement":[{"id":""}],"place":"http://map.google.com/.../1234112GDE","realizingResources":[{"id":"not useful in this case, we are describing a service"}],"realizingServices":[{"id":"http://server:port/inventoryApi/service/46779"}],"productPrices":[{"name":"","description":"","validFor":{"startDateTime":"2014-04-25T14:16:43","endDateTime":"2014-04-25T14:16:43"},"priceType":"recurring","unitOfMeasure":"","price":{"amount":"12","currency":"$"},"recurringChargePeriod":"monthly"}]}
   URL:http://localhost:8080/DSProductInventory/webresources/productInventory/6
   TIME:0,125
   STATUS:201
   METHOD:PATCH
   INPUT FILE:./json/patch.json


   RESPONSE:
<!DOCTYPE html PUBLIC "-//W3C//DTD XHTML 1.0 Strict//EN" "http://www.w3.org/TR/xhtml1/DTD/xhtml1-strict.dtd"><html xmlns="http://www.w3.org/1999/xhtml"><head><title>Oracle GlassFish Server 3.1.2.2 - Error report</title><style type="text/css"><!--H1 {font-family:Tahoma,Arial,sans-serif;color:white;background-color:#525D76;font-size:22px;} H2 {font-family:Tahoma,Arial,sans-serif;color:white;background-color:#525D76;font-size:16px;} H3 {font-family:Tahoma,Arial,sans-serif;color:white;background-color:#525D76;font-size:14px;} BODY {font-family:Tahoma,Arial,sans-serif;color:black;background-color:white;} B {font-family:Tahoma,Arial,sans-serif;color:white;background-color:#525D76;} P {font-family:Tahoma,Arial,sans-serif;background:white;color:black;font-size:12px;}A {color : black;}HR {color : #525D76;}--></style> </head><body><h1>HTTP Status 404 - Not Found</h1><hr/><p><b>type</b> Status report</p><p><b>message</b>Not Found</p><p><b>description</b>The requested resource (Not Found) is not available.</p><hr/><h3>Oracle GlassFish Server 3.1.2.2</h3></body></html>
   URL:http://localhost:8080/DSProductInventory/webresources/admin/admin/count
   TIME:0,056
   STATUS:404
   METHOD:GET


   RESPONSE:
<!DOCTYPE html PUBLIC "-//W3C//DTD XHTML 1.0 Strict//EN" "http://www.w3.org/TR/xhtml1/DTD/xhtml1-strict.dtd"><html xmlns="http://www.w3.org/1999/xhtml"><head><title>Oracle GlassFish Server 3.1.2.2 - Error report</title><style type="text/css"><!--H1 {font-family:Tahoma,Arial,sans-serif;color:white;background-color:#525D76;font-size:22px;} H2 {font-family:Tahoma,Arial,sans-serif;color:white;background-color:#525D76;font-size:16px;} H3 {font-family:Tahoma,Arial,sans-serif;color:white;background-color:#525D76;font-size:14px;} BODY {font-family:Tahoma,Arial,sans-serif;color:black;background-color:white;} B {font-family:Tahoma,Arial,sans-serif;color:white;background-color:#525D76;} P {font-family:Tahoma,Arial,sans-serif;background:white;color:black;font-size:12px;}A {color : black;}HR {color : #525D76;}--></style> </head><body><h1>HTTP Status 404 - Not Found</h1><hr/><p><b>type</b> Status report</p><p><b>message</b>Not Found</p><p><b>description</b>The requested resource (Not Found) is not available.</p><hr/><h3>Oracle GlassFish Server 3.1.2.2</h3></body></html>
   URL:http://localhost:8080/DSProductInventory/webresources/admin/
   TIME:4,152
   STATUS:404
   METHOD:GET


   RESPONSE:
[]
   URL:http://localhost:8080/DSProductInventory/webresources/productInventory/
   TIME:0,050
   STATUS:200
   METHOD:GET


   RESPONSE:
{"id":"1","name":"Broadband","description":"Description of the instantiated broadband product","status":"pending active","isBundle":true,"isCustomerVisible":true,"productSerialNumber":"Not useful in this case, we are describing a service","startDate":"2014-04-25T14:16:43","orderDate":"2014-04-25T14:16:43","terminationDate":null,"productOffering":{"id":"http://server:port/catalogApi/productOffering/4","name":"My Quick BB Offer"},"productSpecification":{"id":"http://server:port/catalogApi/productOffering/4"},"productCharacteristics":[{"name":"speed","value":"16M"}],"productRelationships":[{"type":"contains","product":{"id":"http://server:port/inventoryApi/product/59"}}],"billingAccount":[{"id":"http://server:port/billingApi/billingAccount/678","name":"account name"}],"relatedParties":[{"role":"partner","reference":"http://serverlocation:port/partnerManagement/partner/42"}],"agreement":[{"id":""}],"place":"http://map.google.com/.../1234112GDE","realizingResources":[{"id":"not useful in this case, we are describing a service"}],"realizingServices":[{"id":"http://server:port/inventoryApi/service/46779"}],"productPrices":[{"name":"","description":"","validFor":{"startDateTime":"2014-04-25T14:16:43","endDateTime":"2014-04-25T14:16:43"},"priceType":"recurring","unitOfMeasure":"","price":{"amount":"12","currency":"$"},"recurringChargePeriod":"monthly"}]}
   URL:http://localhost:8080/DSProductInventory/webresources/productInventory/
   TIME:0,495
   STATUS:201
   METHOD:POST
   INPUT FILE:./json/create.json


   RESPONSE:
{"id":"1","name":"Broadband MODIFIED","description":"Description of the instantiated broadband product","status":"pending active","isBundle":true,"isCustomerVisible":true,"productSerialNumber":"Not useful in this case, we are describing a service","startDate":"2014-04-25T14:16:43","orderDate":"2014-04-25T14:16:43","terminationDate":null,"productOffering":{"id":"http://server:port/catalogApi/productOffering/4","name":"My Quick BB Offer"},"productSpecification":{"id":"http://server:port/catalogApi/productOffering/4"},"productCharacteristics":[{"name":"speed","value":"16M"}],"productRelationships":[{"type":"contains","product":{"id":"http://server:port/inventoryApi/product/59"}}],"billingAccount":[{"id":"http://server:port/billingApi/billingAccount/678","name":"account name"}],"relatedParties":[{"role":"partner","reference":"http://serverlocation:port/partnerManagement/partner/42"}],"agreement":[{"id":""}],"place":"http://map.google.com/.../1234112GDE","realizingResources":[{"id":"not useful in this case, we are describing a service"}],"realizingServices":[{"id":"http://server:port/inventoryApi/service/46779"}],"productPrices":[{"name":"","description":"","validFor":{"startDateTime":"2014-04-25T14:16:43","endDateTime":"2014-04-25T14:16:43"},"priceType":"recurring","unitOfMeasure":"","price":{"amount":"12","currency":"$"},"recurringChargePeriod":"monthly"}]}
   URL:http://localhost:8080/DSProductInventory/webresources/productInventory/1
   TIME:0,146
   STATUS:201
   METHOD:PUT
   INPUT FILE:./json/put.json


   RESPONSE:
{"id":"1","name":"Broadband MODIFIED","description":"Description of the instantiated broadband product","status":"terminated","isBundle":true,"isCustomerVisible":false,"productSerialNumber":"Not useful in this case, we are describing a service","startDate":"2014-04-25T14:16:43","orderDate":"2014-04-25T14:16:43","terminationDate":null,"productOffering":{"id":"http://server:port/catalogApi/productOffering/4","name":"My Quick BB Offer MODIFIED"},"productSpecification":{"id":"http://server:port/catalogApi/productOffering/4"},"productCharacteristics":[{"name":"speed","value":"16M"}],"productRelationships":[{"type":"contains","product":{"id":"http://server:port/inventoryApi/product/59"}}],"billingAccount":[{"id":"http://server:port/billingApi/billingAccount/678","name":"account name"}],"relatedParties":[{"role":"partner","reference":"http://serverlocation:port/partnerManagement/partner/42"}],"agreement":[{"id":""}],"place":"http://map.google.com/.../1234112GDE","realizingResources":[{"id":"not useful in this case, we are describing a service"}],"realizingServices":[{"id":"http://server:port/inventoryApi/service/46779"}],"productPrices":[{"name":"","description":"","validFor":{"startDateTime":"2014-04-25T14:16:43","endDateTime":"2014-04-25T14:16:43"},"priceType":"recurring","unitOfMeasure":"","price":{"amount":"12","currency":"$"},"recurringChargePeriod":"monthly"}]}
   URL:http://localhost:8080/DSProductInventory/webresources/productInventory/1
   TIME:0,317
   STATUS:201
   METHOD:PATCH
   INPUT FILE:./json/patch.json


   RESPONSE:
<!DOCTYPE html PUBLIC "-//W3C//DTD XHTML 1.0 Strict//EN" "http://www.w3.org/TR/xhtml1/DTD/xhtml1-strict.dtd"><html xmlns="http://www.w3.org/1999/xhtml"><head><title>Oracle GlassFish Server 3.1.2.2 - Error report</title><style type="text/css"><!--H1 {font-family:Tahoma,Arial,sans-serif;color:white;background-color:#525D76;font-size:22px;} H2 {font-family:Tahoma,Arial,sans-serif;color:white;background-color:#525D76;font-size:16px;} H3 {font-family:Tahoma,Arial,sans-serif;color:white;background-color:#525D76;font-size:14px;} BODY {font-family:Tahoma,Arial,sans-serif;color:black;background-color:white;} B {font-family:Tahoma,Arial,sans-serif;color:white;background-color:#525D76;} P {font-family:Tahoma,Arial,sans-serif;background:white;color:black;font-size:12px;}A {color : black;}HR {color : #525D76;}--></style> </head><body><h1>HTTP Status 404 - Not Found</h1><hr/><p><b>type</b> Status report</p><p><b>message</b>Not Found</p><p><b>description</b>The requested resource (Not Found) is not available.</p><hr/><h3>Oracle GlassFish Server 3.1.2.2</h3></body></html>
   URL:http://localhost:8080/DSProductInventory/webresources/admin/productInventory/admin/count
   TIME:0,044
   STATUS:404
   METHOD:GET


   RESPONSE:
{"id":"1","name":"Broadband","description":"Description of the instantiated broadband product","status":"pending active","isBundle":true,"isCustomerVisible":true,"productSerialNumber":"Not useful in this case, we are describing a service","startDate":"2014-04-25T14:16:43","orderDate":"2014-04-25T14:16:43","terminationDate":null,"productOffering":{"id":"http://server:port/catalogApi/productOffering/4","name":"My Quick BB Offer"},"productSpecification":{"id":"http://server:port/catalogApi/productOffering/4"},"productCharacteristics":[{"name":"speed","value":"16M"}],"productRelationships":[{"type":"contains","product":{"id":"http://server:port/inventoryApi/product/59"}}],"billingAccount":[{"id":"http://server:port/billingApi/billingAccount/678","name":"account name"}],"relatedParties":[{"role":"partner","reference":"http://serverlocation:port/partnerManagement/partner/42"}],"agreement":[{"id":""}],"place":"http://map.google.com/.../1234112GDE","realizingResources":[{"id":"not useful in this case, we are describing a service"}],"realizingServices":[{"id":"http://server:port/inventoryApi/service/46779"}],"productPrices":[{"name":"","description":"","validFor":{"startDateTime":"2014-04-25T14:16:43","endDateTime":"2014-04-25T14:16:43"},"priceType":"recurring","unitOfMeasure":"","price":{"amount":"12","currency":"$"},"recurringChargePeriod":"monthly"}]}
   URL:http://localhost:8080/DSProductInventory/webresources/productInventory/
   TIME:4,947
   STATUS:201
   METHOD:POST
   INPUT FILE:./json/create.json


   RESPONSE:
<!DOCTYPE html PUBLIC "-//W3C//DTD XHTML 1.0 Strict//EN" "http://www.w3.org/TR/xhtml1/DTD/xhtml1-strict.dtd"><html xmlns="http://www.w3.org/1999/xhtml"><head><title>Oracle GlassFish Server 3.1.2.2 - Error report</title><style type="text/css"><!--H1 {font-family:Tahoma,Arial,sans-serif;color:white;background-color:#525D76;font-size:22px;} H2 {font-family:Tahoma,Arial,sans-serif;color:white;background-color:#525D76;font-size:16px;} H3 {font-family:Tahoma,Arial,sans-serif;color:white;background-color:#525D76;font-size:14px;} BODY {font-family:Tahoma,Arial,sans-serif;color:black;background-color:white;} B {font-family:Tahoma,Arial,sans-serif;color:white;background-color:#525D76;} P {font-family:Tahoma,Arial,sans-serif;background:white;color:black;font-size:12px;}A {color : black;}HR {color : #525D76;}--></style> </head><body><h1>HTTP Status 404 - Not Found</h1><hr/><p><b>type</b> Status report</p><p><b>message</b>Not Found</p><p><b>description</b>The requested resource (Not Found) is not available.</p><hr/><h3>Oracle GlassFish Server 3.1.2.2</h3></body></html>
   URL:http://localhost:8080/DSProductInventory/webresources/admin/productInventory/admin/1
   TIME:0,090
   STATUS:404
   METHOD:DELETE


   RESPONSE:
{"id":"3","name":"Broadband","description":"Description of the instantiated broadband product","status":"pending active","isBundle":true,"isCustomerVisible":true,"productSerialNumber":"Not useful in this case, we are describing a service","startDate":"2014-04-25T14:16:43","orderDate":"2014-04-25T14:16:43","terminationDate":null,"productOffering":{"id":"http://server:port/catalogApi/productOffering/4","name":"My Quick BB Offer"},"productSpecification":{"id":"http://server:port/catalogApi/productOffering/4"},"productCharacteristics":[{"name":"speed","value":"16M"}],"productRelationships":[{"type":"contains","product":{"id":"http://server:port/inventoryApi/product/59"}}],"billingAccount":[{"id":"http://server:port/billingApi/billingAccount/678","name":"account name"}],"relatedParties":[{"role":"partner","reference":"http://serverlocation:port/partnerManagement/partner/42"}],"agreement":[{"id":""}],"place":"http://map.google.com/.../1234112GDE","realizingResources":[{"id":"not useful in this case, we are describing a service"}],"realizingServices":[{"id":"http://server:port/inventoryApi/service/46779"}],"productPrices":[{"name":"","description":"","validFor":{"startDateTime":"2014-04-25T14:16:43","endDateTime":"2014-04-25T14:16:43"},"priceType":"recurring","unitOfMeasure":"","price":{"amount":"12","currency":"$"},"recurringChargePeriod":"monthly"}]}
   URL:http://localhost:8080/DSProductInventory/webresources/productInventory/
   TIME:0,189
   STATUS:201
   METHOD:POST
   INPUT FILE:./json/create.json


   RESPONSE:
<!DOCTYPE html PUBLIC "-//W3C//DTD XHTML 1.0 Strict//EN" "http://www.w3.org/TR/xhtml1/DTD/xhtml1-strict.dtd"><html xmlns="http://www.w3.org/1999/xhtml"><head><title>Oracle GlassFish Server 3.1.2.2 - Error report</title><style type="text/css"><!--H1 {font-family:Tahoma,Arial,sans-serif;color:white;background-color:#525D76;font-size:22px;} H2 {font-family:Tahoma,Arial,sans-serif;color:white;background-color:#525D76;font-size:16px;} H3 {font-family:Tahoma,Arial,sans-serif;color:white;background-color:#525D76;font-size:14px;} BODY {font-family:Tahoma,Arial,sans-serif;color:black;background-color:white;} B {font-family:Tahoma,Arial,sans-serif;color:white;background-color:#525D76;} P {font-family:Tahoma,Arial,sans-serif;background:white;color:black;font-size:12px;}A {color : black;}HR {color : #525D76;}--></style> </head><body><h1>HTTP Status 404 - Not Found</h1><hr/><p><b>type</b> Status report</p><p><b>message</b>Not Found</p><p><b>description</b>The requested resource (Not Found) is not available.</p><hr/><h3>Oracle GlassFish Server 3.1.2.2</h3></body></html>
   URL:http://localhost:8080/DSProductInventory/webresources/admin/productInventory//count
   TIME:0,061
   STATUS:404
   METHOD:GET


   RESPONSE:
<!DOCTYPE html PUBLIC "-//W3C//DTD XHTML 1.0 Strict//EN" "http://www.w3.org/TR/xhtml1/DTD/xhtml1-strict.dtd"><html xmlns="http://www.w3.org/1999/xhtml"><head><title>Oracle GlassFish Server 3.1.2.2 - Error report</title><style type="text/css"><!--H1 {font-family:Tahoma,Arial,sans-serif;color:white;background-color:#525D76;font-size:22px;} H2 {font-family:Tahoma,Arial,sans-serif;color:white;background-color:#525D76;font-size:16px;} H3 {font-family:Tahoma,Arial,sans-serif;color:white;background-color:#525D76;font-size:14px;} BODY {font-family:Tahoma,Arial,sans-serif;color:black;background-color:white;} B {font-family:Tahoma,Arial,sans-serif;color:white;background-color:#525D76;} P {font-family:Tahoma,Arial,sans-serif;background:white;color:black;font-size:12px;}A {color : black;}HR {color : #525D76;}--></style> </head><body><h1>HTTP Status 405 - Method Not Allowed</h1><hr/><p><b>type</b> Status report</p><p><b>message</b>Method Not Allowed</p><p><b>description</b>The specified HTTP method is not allowed for the requested resource (Method Not Allowed).</p><hr/><h3>Oracle GlassFish Server 3.1.2.2</h3></body></html>
   URL:http://localhost:8080/DSProductInventory/webresources/admin/productInventory/count
   TIME:0,054
   STATUS:405
   METHOD:GET


   RESPONSE:
<!DOCTYPE html PUBLIC "-//W3C//DTD XHTML 1.0 Strict//EN" "http://www.w3.org/TR/xhtml1/DTD/xhtml1-strict.dtd"><html xmlns="http://www.w3.org/1999/xhtml"><head><title>Oracle GlassFish Server 3.1.2.2 - Error report</title><style type="text/css"><!--H1 {font-family:Tahoma,Arial,sans-serif;color:white;background-color:#525D76;font-size:22px;} H2 {font-family:Tahoma,Arial,sans-serif;color:white;background-color:#525D76;font-size:16px;} H3 {font-family:Tahoma,Arial,sans-serif;color:white;background-color:#525D76;font-size:14px;} BODY {font-family:Tahoma,Arial,sans-serif;color:black;background-color:white;} B {font-family:Tahoma,Arial,sans-serif;color:white;background-color:#525D76;} P {font-family:Tahoma,Arial,sans-serif;background:white;color:black;font-size:12px;}A {color : black;}HR {color : #525D76;}--></style> </head><body><h1>HTTP Status 500 - </h1><hr/><p><b>type</b> Exception report</p><p><b>message</b></p><p><b>description</b>The server encountered an internal error () that prevented it from fulfilling this request.</p><p><b>exception</b> <pre>javax.servlet.ServletException: tmf.org.dsmapi.commons.exceptions.UnknownResourceException</pre></p><p><b>root cause</b> <pre>tmf.org.dsmapi.commons.exceptions.UnknownResourceException</pre></p><p><b>note</b> <u>The full stack traces of the exception and its root causes are available in the Oracle GlassFish Server 3.1.2.2 logs.</u></p><hr/><h3>Oracle GlassFish Server 3.1.2.2</h3></body></html>
   URL:http://localhost:8080/DSProductInventory/webresources/admin/productInventory/1
   TIME:0,103
   STATUS:500
   METHOD:DELETE


   RESPONSE:
{"id":"3","name":"Broadband","description":"Description of the instantiated broadband product","status":"pending active","isBundle":true,"isCustomerVisible":true,"productSerialNumber":"Not useful in this case, we are describing a service","startDate":"2014-04-25T14:16:43","orderDate":"2014-04-25T14:16:43","terminationDate":null,"productOffering":{"id":"http://server:port/catalogApi/productOffering/4","name":"My Quick BB Offer"},"productSpecification":{"id":"http://server:port/catalogApi/productOffering/4"},"productCharacteristics":[{"name":"speed","value":"16M"}],"productRelationships":[{"type":"contains","product":{"id":"http://server:port/inventoryApi/product/59"}}],"billingAccount":[{"id":"http://server:port/billingApi/billingAccount/678","name":"account name"}],"relatedParties":[{"role":"partner","reference":"http://serverlocation:port/partnerManagement/partner/42"}],"agreement":[{"id":""}],"place":"http://map.google.com/.../1234112GDE","realizingResources":[{"id":"not useful in this case, we are describing a service"}],"realizingServices":[{"id":"http://server:port/inventoryApi/service/46779"}],"productPrices":[{"name":"","description":"","validFor":{"startDateTime":"2014-04-25T14:16:43","endDateTime":"2014-04-25T14:16:43"},"priceType":"recurring","unitOfMeasure":"","price":{"amount":"12","currency":"$"},"recurringChargePeriod":"monthly"}]}
   URL:http://localhost:8080/DSProductInventory/webresources/admin/productInventory/3
   TIME:4,224
   STATUS:200
   METHOD:DELETE


   RESPONSE:
{"id":"1","name":"Broadband","description":"Description of the instantiated broadband product","status":"pending active","isBundle":true,"isCustomerVisible":true,"productSerialNumber":"Not useful in this case, we are describing a service","startDate":"2014-04-25T14:16:43","orderDate":"2014-04-25T14:16:43","terminationDate":null,"productOffering":{"id":"http://server:port/catalogApi/productOffering/4","name":"My Quick BB Offer"},"productSpecification":{"id":"http://server:port/catalogApi/productOffering/4"},"productCharacteristics":[{"name":"speed","value":"16M"}],"productRelationships":[{"type":"contains","product":{"id":"http://server:port/inventoryApi/product/59"}}],"billingAccount":[{"id":"http://server:port/billingApi/billingAccount/678","name":"account name"}],"relatedParties":[{"role":"partner","reference":"http://serverlocation:port/partnerManagement/partner/42"}],"agreement":[{"id":""}],"place":"http://map.google.com/.../1234112GDE","realizingResources":[{"id":"not useful in this case, we are describing a service"}],"realizingServices":[{"id":"http://server:port/inventoryApi/service/46779"}],"productPrices":[{"name":"","description":"","validFor":{"startDateTime":"2014-04-25T14:16:43","endDateTime":"2014-04-25T14:16:43"},"priceType":"recurring","unitOfMeasure":"","price":{"amount":"12","currency":"$"},"recurringChargePeriod":"monthly"}]}
   URL:http://localhost:8080/DSProductInventory/webresources/productInventory/
   TIME:3,785
   STATUS:201
   METHOD:POST
   INPUT FILE:./json/create.json


   RESPONSE:
{"id":"2","name":"Broadband","description":"Description of the instantiated broadband product","status":"pending active","isBundle":true,"isCustomerVisible":true,"productSerialNumber":"Not useful in this case, we are describing a service","startDate":"2014-04-25T14:16:43","orderDate":"2014-04-25T14:16:43","terminationDate":null,"productOffering":{"id":"http://server:port/catalogApi/productOffering/4","name":"My Quick BB Offer"},"productSpecification":{"id":"http://server:port/catalogApi/productOffering/4"},"productCharacteristics":[{"name":"speed","value":"16M"}],"productRelationships":[{"type":"contains","product":{"id":"http://server:port/inventoryApi/product/59"}}],"billingAccount":[{"id":"http://server:port/billingApi/billingAccount/678","name":"account name"}],"relatedParties":[{"role":"partner","reference":"http://serverlocation:port/partnerManagement/partner/42"}],"agreement":[{"id":""}],"place":"http://map.google.com/.../1234112GDE","realizingResources":[{"id":"not useful in this case, we are describing a service"}],"realizingServices":[{"id":"http://server:port/inventoryApi/service/46779"}],"productPrices":[{"name":"","description":"","validFor":{"startDateTime":"2014-04-25T14:16:43","endDateTime":"2014-04-25T14:16:43"},"priceType":"recurring","unitOfMeasure":"","price":{"amount":"12","currency":"$"},"recurringChargePeriod":"monthly"}]}
   URL:http://localhost:8080/DSProductInventory/webresources/productInventory/
   TIME:0,065
   STATUS:201
   METHOD:POST
   INPUT FILE:./json/create.json


   RESPONSE:
<!DOCTYPE html PUBLIC "-//W3C//DTD XHTML 1.0 Strict//EN" "http://www.w3.org/TR/xhtml1/DTD/xhtml1-strict.dtd"><html xmlns="http://www.w3.org/1999/xhtml"><head><title>Oracle GlassFish Server 3.1.2.2 - Error report</title><style type="text/css"><!--H1 {font-family:Tahoma,Arial,sans-serif;color:white;background-color:#525D76;font-size:22px;} H2 {font-family:Tahoma,Arial,sans-serif;color:white;background-color:#525D76;font-size:16px;} H3 {font-family:Tahoma,Arial,sans-serif;color:white;background-color:#525D76;font-size:14px;} BODY {font-family:Tahoma,Arial,sans-serif;color:black;background-color:white;} B {font-family:Tahoma,Arial,sans-serif;color:white;background-color:#525D76;} P {font-family:Tahoma,Arial,sans-serif;background:white;color:black;font-size:12px;}A {color : black;}HR {color : #525D76;}--></style> </head><body><h1>HTTP Status 404 - Not Found</h1><hr/><p><b>type</b> Status report</p><p><b>message</b>Not Found</p><p><b>description</b>The requested resource (Not Found) is not available.</p><hr/><h3>Oracle GlassFish Server 3.1.2.2</h3></body></html>
   URL:http://localhost:8080/DSProductInventory/webresources/admin/productInventory/3
   TIME:0,191
   STATUS:404
   METHOD:DELETE


   RESPONSE:
{"id":"1","name":"Broadband","description":"Description of the instantiated broadband product","status":"pending active","isBundle":true,"isCustomerVisible":true,"productSerialNumber":"Not useful in this case, we are describing a service","startDate":"2014-04-25T14:16:43","orderDate":"2014-04-25T14:16:43","terminationDate":null,"productOffering":{"id":"http://server:port/catalogApi/productOffering/4","name":"My Quick BB Offer"},"productSpecification":{"id":"http://server:port/catalogApi/productOffering/4"},"productCharacteristics":[{"name":"speed","value":"16M"}],"productRelationships":[{"type":"contains","product":{"id":"http://server:port/inventoryApi/product/59"}}],"billingAccount":[{"id":"http://server:port/billingApi/billingAccount/678","name":"account name"}],"relatedParties":[{"role":"partner","reference":"http://serverlocation:port/partnerManagement/partner/42"}],"agreement":[{"id":""}],"place":"http://map.google.com/.../1234112GDE","realizingResources":[{"id":"not useful in this case, we are describing a service"}],"realizingServices":[{"id":"http://server:port/inventoryApi/service/46779"}],"productPrices":[{"name":"","description":"","validFor":{"startDateTime":"2014-04-25T14:16:43","endDateTime":"2014-04-25T14:16:43"},"priceType":"recurring","unitOfMeasure":"","price":{"amount":"12","currency":"$"},"recurringChargePeriod":"monthly"}]}
   URL:http://localhost:8080/DSProductInventory/webresources/admin/productInventory/1
   TIME:4,660
   STATUS:200
   METHOD:DELETE


   RESPONSE:
{"previousRows":"1","currentRows":"0","affectedRows":"1"}
   URL:http://localhost:8080/DSProductInventory/webresources/admin/productInventory/
   TIME:0,237
   STATUS:200
   METHOD:DELETE


   RESPONSE:
{"currentRows":"0"}
   URL:http://localhost:8080/DSProductInventory/webresources/admin/productInventory/count
   TIME:0,059
   STATUS:200
   METHOD:GET


   RESPONSE:
[]
   URL:http://localhost:8080/DSProductInventory/webresources/productInventory/
   TIME:1,089
   STATUS:200
   METHOD:GET


   RESPONSE:
<!DOCTYPE html PUBLIC "-//W3C//DTD XHTML 1.0 Strict//EN" "http://www.w3.org/TR/xhtml1/DTD/xhtml1-strict.dtd"><html xmlns="http://www.w3.org/1999/xhtml"><head><title>Oracle GlassFish Server 3.1.2.2 - Error report</title><style type="text/css"><!--H1 {font-family:Tahoma,Arial,sans-serif;color:white;background-color:#525D76;font-size:22px;} H2 {font-family:Tahoma,Arial,sans-serif;color:white;background-color:#525D76;font-size:16px;} H3 {font-family:Tahoma,Arial,sans-serif;color:white;background-color:#525D76;font-size:14px;} BODY {font-family:Tahoma,Arial,sans-serif;color:black;background-color:white;} B {font-family:Tahoma,Arial,sans-serif;color:white;background-color:#525D76;} P {font-family:Tahoma,Arial,sans-serif;background:white;color:black;font-size:12px;}A {color : black;}HR {color : #525D76;}--></style> </head><body><h1>HTTP Status 404 - Not Found</h1><hr/><p><b>type</b> Status report</p><p><b>message</b>Not Found</p><p><b>description</b>The requested resource (Not Found) is not available.</p><hr/><h3>Oracle GlassFish Server 3.1.2.2</h3></body></html>
   URL:http://localhost:8080/DSProductInventory/webresources/
   TIME:0,089
   STATUS:404
   METHOD:GET


   RESPONSE:
<!DOCTYPE html PUBLIC "-//W3C//DTD XHTML 1.0 Strict//EN" "http://www.w3.org/TR/xhtml1/DTD/xhtml1-strict.dtd"><html xmlns="http://www.w3.org/1999/xhtml"><head><title>Oracle GlassFish Server 3.1.2.2 - Error report</title><style type="text/css"><!--H1 {font-family:Tahoma,Arial,sans-serif;color:white;background-color:#525D76;font-size:22px;} H2 {font-family:Tahoma,Arial,sans-serif;color:white;background-color:#525D76;font-size:16px;} H3 {font-family:Tahoma,Arial,sans-serif;color:white;background-color:#525D76;font-size:14px;} BODY {font-family:Tahoma,Arial,sans-serif;color:black;background-color:white;} B {font-family:Tahoma,Arial,sans-serif;color:white;background-color:#525D76;} P {font-family:Tahoma,Arial,sans-serif;background:white;color:black;font-size:12px;}A {color : black;}HR {color : #525D76;}--></style> </head><body><h1>HTTP Status 404 - Not Found</h1><hr/><p><b>type</b> Status report</p><p><b>message</b>Not Found</p><p><b>description</b>The requested resource (Not Found) is not available.</p><hr/><h3>Oracle GlassFish Server 3.1.2.2</h3></body></html>
   URL:http://localhost:8080/DSProductInventory/webresources/
   TIME:0,054
   STATUS:404
   METHOD:GET


   RESPONSE:
[]
   URL:http://localhost:8080/DSProductInventory/webresources/productInventory/
   TIME:0,078
   STATUS:200
   METHOD:GET


   RESPONSE:
<!DOCTYPE html PUBLIC "-//W3C//DTD XHTML 1.0 Strict//EN" "http://www.w3.org/TR/xhtml1/DTD/xhtml1-strict.dtd"><html xmlns="http://www.w3.org/1999/xhtml"><head><title>Oracle GlassFish Server 3.1.2.2 - Error report</title><style type="text/css"><!--H1 {font-family:Tahoma,Arial,sans-serif;color:white;background-color:#525D76;font-size:22px;} H2 {font-family:Tahoma,Arial,sans-serif;color:white;background-color:#525D76;font-size:16px;} H3 {font-family:Tahoma,Arial,sans-serif;color:white;background-color:#525D76;font-size:14px;} BODY {font-family:Tahoma,Arial,sans-serif;color:black;background-color:white;} B {font-family:Tahoma,Arial,sans-serif;color:white;background-color:#525D76;} P {font-family:Tahoma,Arial,sans-serif;background:white;color:black;font-size:12px;}A {color : black;}HR {color : #525D76;}--></style> </head><body><h1>HTTP Status 404 - Not Found</h1><hr/><p><b>type</b> Status report</p><p><b>message</b>Not Found</p><p><b>description</b>The requested resource (Not Found) is not available.</p><hr/><h3>Oracle GlassFish Server 3.1.2.2</h3></body></html>
   URL:http://localhost:8080/DSProductInventory/webresources/RESOURCE
   TIME:0,100
   STATUS:404
   METHOD:POST
   INPUT FILE:./json/create.json


   RESPONSE:
{"id":"2","name":"Broadband","description":"Description of the instantiated broadband product","status":"pending active","isBundle":true,"isCustomerVisible":true,"productSerialNumber":"Not useful in this case, we are describing a service","startDate":"2014-04-25T14:16:43","orderDate":"2014-04-25T14:16:43","terminationDate":null,"productOffering":{"id":"http://server:port/catalogApi/productOffering/4","name":"My Quick BB Offer"},"productSpecification":{"id":"http://server:port/catalogApi/productOffering/4"},"productCharacteristics":[{"name":"speed","value":"16M"}],"productRelationships":[{"type":"contains","product":{"id":"http://server:port/inventoryApi/product/59"}}],"billingAccount":[{"id":"http://server:port/billingApi/billingAccount/678","name":"account name"}],"relatedParties":[{"role":"partner","reference":"http://serverlocation:port/partnerManagement/partner/42"}],"agreement":[{"id":""}],"place":"http://map.google.com/.../1234112GDE","realizingResources":[{"id":"not useful in this case, we are describing a service"}],"realizingServices":[{"id":"http://server:port/inventoryApi/service/46779"}],"productPrices":[{"name":"","description":"","validFor":{"startDateTime":"2014-04-25T14:16:43","endDateTime":"2014-04-25T14:16:43"},"priceType":"recurring","unitOfMeasure":"","price":{"amount":"12","currency":"$"},"recurringChargePeriod":"monthly"}]}
   URL:http://localhost:8080/DSProductInventory/webresources/productInventory
   TIME:0,395
   STATUS:201
   METHOD:POST
   INPUT FILE:./json/create.json


   RESPONSE:
{"id":"2","name":"Broadband MODIFIED","description":"Description of the instantiated broadband product","status":"pending active","isBundle":true,"isCustomerVisible":true,"productSerialNumber":"Not useful in this case, we are describing a service","startDate":"2014-04-25T14:16:43","orderDate":"2014-04-25T14:16:43","terminationDate":null,"productOffering":{"id":"http://server:port/catalogApi/productOffering/4","name":"My Quick BB Offer"},"productSpecification":{"id":"http://server:port/catalogApi/productOffering/4"},"productCharacteristics":[{"name":"speed","value":"16M"}],"productRelationships":[{"type":"contains","product":{"id":"http://server:port/inventoryApi/product/59"}}],"billingAccount":[{"id":"http://server:port/billingApi/billingAccount/678","name":"account name"}],"relatedParties":[{"role":"partner","reference":"http://serverlocation:port/partnerManagement/partner/42"}],"agreement":[{"id":""}],"place":"http://map.google.com/.../1234112GDE","realizingResources":[{"id":"not useful in this case, we are describing a service"}],"realizingServices":[{"id":"http://server:port/inventoryApi/service/46779"}],"productPrices":[{"name":"","description":"","validFor":{"startDateTime":"2014-04-25T14:16:43","endDateTime":"2014-04-25T14:16:43"},"priceType":"recurring","unitOfMeasure":"","price":{"amount":"12","currency":"$"},"recurringChargePeriod":"monthly"}]}
   URL:http://localhost:8080/DSProductInventory/webresources/productInventory/2
   TIME:0,136
   STATUS:201
   METHOD:PUT
   INPUT FILE:./json/put.json


   RESPONSE:
<!DOCTYPE html PUBLIC "-//W3C//DTD XHTML 1.0 Strict//EN" "http://www.w3.org/TR/xhtml1/DTD/xhtml1-strict.dtd"><html xmlns="http://www.w3.org/1999/xhtml"><head><title>Oracle GlassFish Server 3.1.2.2 - Error report</title><style type="text/css"><!--H1 {font-family:Tahoma,Arial,sans-serif;color:white;background-color:#525D76;font-size:22px;} H2 {font-family:Tahoma,Arial,sans-serif;color:white;background-color:#525D76;font-size:16px;} H3 {font-family:Tahoma,Arial,sans-serif;color:white;background-color:#525D76;font-size:14px;} BODY {font-family:Tahoma,Arial,sans-serif;color:black;background-color:white;} B {font-family:Tahoma,Arial,sans-serif;color:white;background-color:#525D76;} P {font-family:Tahoma,Arial,sans-serif;background:white;color:black;font-size:12px;}A {color : black;}HR {color : #525D76;}--></style> </head><body><h1>HTTP Status 404 - Not Found</h1><hr/><p><b>type</b> Status report</p><p><b>message</b>Not Found</p><p><b>description</b>The requested resource (Not Found) is not available.</p><hr/><h3>Oracle GlassFish Server 3.1.2.2</h3></body></html>
   URL:http://localhost:8080/DSProductInventory/webresources/admin/productInventory/admin/productInventory
   TIME:0,069
   STATUS:404
   METHOD:POST
   INPUT FILE:./json/list-large.json


   RESPONSE:
<!DOCTYPE html PUBLIC "-//W3C//DTD XHTML 1.0 Strict//EN" "http://www.w3.org/TR/xhtml1/DTD/xhtml1-strict.dtd"><html xmlns="http://www.w3.org/1999/xhtml"><head><title>Oracle GlassFish Server 3.1.2.2 - Error report</title><style type="text/css"><!--H1 {font-family:Tahoma,Arial,sans-serif;color:white;background-color:#525D76;font-size:22px;} H2 {font-family:Tahoma,Arial,sans-serif;color:white;background-color:#525D76;font-size:16px;} H3 {font-family:Tahoma,Arial,sans-serif;color:white;background-color:#525D76;font-size:14px;} BODY {font-family:Tahoma,Arial,sans-serif;color:black;background-color:white;} B {font-family:Tahoma,Arial,sans-serif;color:white;background-color:#525D76;} P {font-family:Tahoma,Arial,sans-serif;background:white;color:black;font-size:12px;}A {color : black;}HR {color : #525D76;}--></style> </head><body><h1>HTTP Status 500 - </h1><hr/><p><b>type</b> Exception report</p><p><b>message</b></p><p><b>description</b>The server encountered an internal error () that prevented it from fulfilling this request.</p><p><b>exception</b> <pre>javax.servlet.ServletException: java.io.EOFException: No content to map to Object due to end of input</pre></p><p><b>root cause</b> <pre>java.io.EOFException: No content to map to Object due to end of input</pre></p><p><b>note</b> <u>The full stack traces of the exception and its root causes are available in the Oracle GlassFish Server 3.1.2.2 logs.</u></p><hr/><h3>Oracle GlassFish Server 3.1.2.2</h3></body></html>
   URL:http://localhost:8080/DSProductInventory/webresources/admin/productInventory
   TIME:0,073
   STATUS:500
   METHOD:POST
   INPUT FILE:./json/list-large.json


   RESPONSE:
{"currentRows":"1"}
   URL:http://localhost:8080/DSProductInventory/webresources/admin/productInventory/count
   TIME:0,080
   STATUS:200
   METHOD:GET


   RESPONSE:
[{"id":"1","callback":"http://localhost:9000/listener","query":"eventType=ProductCreationNotification,ProductStatusChangeNotification,ProductValueChangeNotification,ProductDeletionNotification"}]
   URL:http://localhost:8080/DSProductInventory/webresources/productInventory/hub/
   TIME:0,054
   STATUS:200
   METHOD:GET


   RESPONSE:
{"id":"1","callback":"http://localhost:9000/listener","query":"eventType=ProductCreationNotification,ProductStatusChangeNotification,ProductValueChangeNotification,ProductDeletionNotification"}
   URL:http://localhost:8080/DSProductInventory/webresources/productInventory/hub/1
   TIME:0,047
   STATUS:200
   METHOD:GET


   RESPONSE:
<!DOCTYPE html PUBLIC "-//W3C//DTD XHTML 1.0 Strict//EN" "http://www.w3.org/TR/xhtml1/DTD/xhtml1-strict.dtd"><html xmlns="http://www.w3.org/1999/xhtml"><head><title>Oracle GlassFish Server 3.1.2.2 - Error report</title><style type="text/css"><!--H1 {font-family:Tahoma,Arial,sans-serif;color:white;background-color:#525D76;font-size:22px;} H2 {font-family:Tahoma,Arial,sans-serif;color:white;background-color:#525D76;font-size:16px;} H3 {font-family:Tahoma,Arial,sans-serif;color:white;background-color:#525D76;font-size:14px;} BODY {font-family:Tahoma,Arial,sans-serif;color:black;background-color:white;} B {font-family:Tahoma,Arial,sans-serif;color:white;background-color:#525D76;} P {font-family:Tahoma,Arial,sans-serif;background:white;color:black;font-size:12px;}A {color : black;}HR {color : #525D76;}--></style> </head><body><h1>HTTP Status 500 - </h1><hr/><p><b>type</b> Exception report</p><p><b>message</b></p><p><b>description</b>The server encountered an internal error () that prevented it from fulfilling this request.</p><p><b>exception</b> <pre>javax.servlet.ServletException: tmf.org.dsmapi.commons.exceptions.UnknownResourceException</pre></p><p><b>root cause</b> <pre>tmf.org.dsmapi.commons.exceptions.UnknownResourceException</pre></p><p><b>note</b> <u>The full stack traces of the exception and its root causes are available in the Oracle GlassFish Server 3.1.2.2 logs.</u></p><hr/><h3>Oracle GlassFish Server 3.1.2.2</h3></body></html>
   URL:http://localhost:8080/DSProductInventory/webresources/productInventory/hub/3
   TIME:0,113
   STATUS:500
   METHOD:GET


   RESPONSE:
<!DOCTYPE html PUBLIC "-//W3C//DTD XHTML 1.0 Strict//EN" "http://www.w3.org/TR/xhtml1/DTD/xhtml1-strict.dtd"><html xmlns="http://www.w3.org/1999/xhtml"><head><title>Oracle GlassFish Server 3.1.2.2 - Error report</title><style type="text/css"><!--H1 {font-family:Tahoma,Arial,sans-serif;color:white;background-color:#525D76;font-size:22px;} H2 {font-family:Tahoma,Arial,sans-serif;color:white;background-color:#525D76;font-size:16px;} H3 {font-family:Tahoma,Arial,sans-serif;color:white;background-color:#525D76;font-size:14px;} BODY {font-family:Tahoma,Arial,sans-serif;color:black;background-color:white;} B {font-family:Tahoma,Arial,sans-serif;color:white;background-color:#525D76;} P {font-family:Tahoma,Arial,sans-serif;background:white;color:black;font-size:12px;}A {color : black;}HR {color : #525D76;}--></style> </head><body><h1>HTTP Status 500 - </h1><hr/><p><b>type</b> Exception report</p><p><b>message</b></p><p><b>description</b>The server encountered an internal error () that prevented it from fulfilling this request.</p><p><b>exception</b> <pre>javax.servlet.ServletException: java.io.EOFException: No content to map to Object due to end of input</pre></p><p><b>root cause</b> <pre>java.io.EOFException: No content to map to Object due to end of input</pre></p><p><b>note</b> <u>The full stack traces of the exception and its root causes are available in the Oracle GlassFish Server 3.1.2.2 logs.</u></p><hr/><h3>Oracle GlassFish Server 3.1.2.2</h3></body></html>
   URL:http://localhost:8080/DSProductInventory/webresources/productInventory/hub
   TIME:0,063
   STATUS:500
   METHOD:POST
   INPUT FILE:./json/./json/hub.json


   RESPONSE:
<!DOCTYPE html PUBLIC "-//W3C//DTD XHTML 1.0 Strict//EN" "http://www.w3.org/TR/xhtml1/DTD/xhtml1-strict.dtd"><html xmlns="http://www.w3.org/1999/xhtml"><head><title>Oracle GlassFish Server 3.1.2.2 - Error report</title><style type="text/css"><!--H1 {font-family:Tahoma,Arial,sans-serif;color:white;background-color:#525D76;font-size:22px;} H2 {font-family:Tahoma,Arial,sans-serif;color:white;background-color:#525D76;font-size:16px;} H3 {font-family:Tahoma,Arial,sans-serif;color:white;background-color:#525D76;font-size:14px;} BODY {font-family:Tahoma,Arial,sans-serif;color:black;background-color:white;} B {font-family:Tahoma,Arial,sans-serif;color:white;background-color:#525D76;} P {font-family:Tahoma,Arial,sans-serif;background:white;color:black;font-size:12px;}A {color : black;}HR {color : #525D76;}--></style> </head><body><h1>HTTP Status 500 - </h1><hr/><p><b>type</b> Exception report</p><p><b>message</b></p><p><b>description</b>The server encountered an internal error () that prevented it from fulfilling this request.</p><p><b>exception</b> <pre>javax.servlet.ServletException: java.io.EOFException: No content to map to Object due to end of input</pre></p><p><b>root cause</b> <pre>java.io.EOFException: No content to map to Object due to end of input</pre></p><p><b>note</b> <u>The full stack traces of the exception and its root causes are available in the Oracle GlassFish Server 3.1.2.2 logs.</u></p><hr/><h3>Oracle GlassFish Server 3.1.2.2</h3></body></html>
   URL:http://localhost:8080/DSProductInventory/webresources/productInventory/hub
   TIME:0,101
   STATUS:500
   METHOD:POST
   INPUT FILE:./json/./json/hub.json


   RESPONSE:
{"id":"5","callback":"http://localhost:9000/listener","query":"eventType=ProductCreationNotification,ProductStatusChangeNotification,ProductValueChangeNotification,ProductDeletionNotification"}
   URL:http://localhost:8080/DSProductInventory/webresources/productInventory/hub
   TIME:0,078
   STATUS:200
   METHOD:POST
   INPUT FILE:./json/hub.json


   RESPONSE:
{"id":"6","callback":"http://localhost:9000/listener","query":"eventType=ProductCreationNotification,ProductStatusChangeNotification,ProductValueChangeNotification,ProductDeletionNotification"}
   URL:http://localhost:8080/DSProductInventory/webresources/productInventory/hub
   TIME:0,038
   STATUS:200
   METHOD:POST
   INPUT FILE:./json/hub.json


   RESPONSE:

   URL:http://localhost:8080/DSProductInventory/webresources/productInventory/hub/5
   TIME:0,058
   STATUS:204
   METHOD:DELETE


   RESPONSE:

   URL:http://localhost:8080/DSProductInventory/webresources/productInventory/hub/1
   TIME:0,061
   STATUS:204
   METHOD:DELETE


   RESPONSE:

   URL:http://localhost:8080/DSProductInventory/webresources/productInventory/hub/6
   TIME:0,064
   STATUS:204
   METHOD:DELETE


   RESPONSE:
{"id":"7","callback":"http://localhost:9000/listener","query":"eventType=ProductCreationNotification,ProductStatusChangeNotification,ProductValueChangeNotification,ProductDeletionNotification"}
   URL:http://localhost:8080/DSProductInventory/webresources/productInventory/hub
   TIME:0,051
   STATUS:200
   METHOD:POST
   INPUT FILE:./json/hub.json


   RESPONSE:
{"id":"8","name":"Broadband","description":"Description of the instantiated broadband product","status":"pending active","isBundle":true,"isCustomerVisible":true,"productSerialNumber":"Not useful in this case, we are describing a service","startDate":"2014-04-25T14:16:43","orderDate":"2014-04-25T14:16:43","terminationDate":null,"productOffering":{"id":"http://server:port/catalogApi/productOffering/4","name":"My Quick BB Offer"},"productSpecification":{"id":"http://server:port/catalogApi/productOffering/4"},"productCharacteristics":[{"name":"speed","value":"16M"}],"productRelationships":[{"type":"contains","product":{"id":"http://server:port/inventoryApi/product/59"}}],"billingAccount":[{"id":"http://server:port/billingApi/billingAccount/678","name":"account name"}],"relatedParties":[{"role":"partner","reference":"http://serverlocation:port/partnerManagement/partner/42"}],"agreement":[{"id":""}],"place":"http://map.google.com/.../1234112GDE","realizingResources":[{"id":"not useful in this case, we are describing a service"}],"realizingServices":[{"id":"http://server:port/inventoryApi/service/46779"}],"productPrices":[{"name":"","description":"","validFor":{"startDateTime":"2014-04-25T14:16:43","endDateTime":"2014-04-25T14:16:43"},"priceType":"recurring","unitOfMeasure":"","price":{"amount":"12","currency":"$"},"recurringChargePeriod":"monthly"}]}
   URL:http://localhost:8080/DSProductInventory/webresources/productInventory
   TIME:0,146
   STATUS:201
   METHOD:POST
   INPUT FILE:./json/create.json


   RESPONSE:
{"previousRows":"2","currentRows":"0","affectedRows":"2"}
   URL:http://localhost:8080/DSProductInventory/webresources/admin/productInventory/
   TIME:0,462
   STATUS:200
   METHOD:DELETE


   RESPONSE:
{"id":"10","name":"Broadband","description":"Description of the instantiated broadband product","status":"pending active","isBundle":true,"isCustomerVisible":true,"productSerialNumber":"Not useful in this case, we are describing a service","startDate":"2014-04-25T14:16:43","orderDate":"2014-04-25T14:16:43","terminationDate":null,"productOffering":{"id":"http://server:port/catalogApi/productOffering/4","name":"My Quick BB Offer"},"productSpecification":{"id":"http://server:port/catalogApi/productOffering/4"},"productCharacteristics":[{"name":"speed","value":"16M"}],"productRelationships":[{"type":"contains","product":{"id":"http://server:port/inventoryApi/product/59"}}],"billingAccount":[{"id":"http://server:port/billingApi/billingAccount/678","name":"account name"}],"relatedParties":[{"role":"partner","reference":"http://serverlocation:port/partnerManagement/partner/42"}],"agreement":[{"id":""}],"place":"http://map.google.com/.../1234112GDE","realizingResources":[{"id":"not useful in this case, we are describing a service"}],"realizingServices":[{"id":"http://server:port/inventoryApi/service/46779"}],"productPrices":[{"name":"","description":"","validFor":{"startDateTime":"2014-04-25T14:16:43","endDateTime":"2014-04-25T14:16:43"},"priceType":"recurring","unitOfMeasure":"","price":{"amount":"12","currency":"$"},"recurringChargePeriod":"monthly"}]}
   URL:http://localhost:8080/DSProductInventory/webresources/productInventory
   TIME:0,100
   STATUS:201
   METHOD:POST
   INPUT FILE:./json/create.json


   RESPONSE:
[{"id":"10","name":"Broadband","description":"Description of the instantiated broadband product","status":"pending active","isBundle":true,"isCustomerVisible":true,"productSerialNumber":"Not useful in this case, we are describing a service","startDate":"2014-04-25T14:16:43","orderDate":"2014-04-25T14:16:43","terminationDate":null,"productOffering":{"id":"http://server:port/catalogApi/productOffering/4","name":"My Quick BB Offer"},"productSpecification":{"id":"http://server:port/catalogApi/productOffering/4"},"productCharacteristics":[{"name":"speed","value":"16M"}],"productRelationships":[{"type":"contains","product":{"id":"http://server:port/inventoryApi/product/59"}}],"billingAccount":[{"id":"http://server:port/billingApi/billingAccount/678","name":"account name"}],"relatedParties":[{"role":"partner","reference":"http://serverlocation:port/partnerManagement/partner/42"}],"agreement":[{"id":""}],"place":"http://map.google.com/.../1234112GDE","realizingResources":[{"id":"not useful in this case, we are describing a service"}],"realizingServices":[{"id":"http://server:port/inventoryApi/service/46779"}],"productPrices":[{"name":"","description":"","validFor":{"startDateTime":"2014-04-25T14:16:43","endDateTime":"2014-04-25T14:16:43"},"priceType":"recurring","unitOfMeasure":"","price":{"amount":"12","currency":"$"},"recurringChargePeriod":"monthly"}]}]
   URL:http://localhost:8080/DSProductInventory/webresources/productInventory/
   TIME:0,097
   STATUS:200
   METHOD:GET


   RESPONSE:
{"id":"10","name":"Broadband","description":"Description of the instantiated broadband product","status":"pending active","isBundle":true,"isCustomerVisible":true,"productSerialNumber":"Not useful in this case, we are describing a service","startDate":"2014-04-25T14:16:43","orderDate":"2014-04-25T14:16:43","terminationDate":null,"productOffering":{"id":"http://server:port/catalogApi/productOffering/4","name":"My Quick BB Offer"},"productSpecification":{"id":"http://server:port/catalogApi/productOffering/4"},"productCharacteristics":[{"name":"speed","value":"16M"}],"productRelationships":[{"type":"contains","product":{"id":"http://server:port/inventoryApi/product/59"}}],"billingAccount":[{"id":"http://server:port/billingApi/billingAccount/678","name":"account name"}],"relatedParties":[{"role":"partner","reference":"http://serverlocation:port/partnerManagement/partner/42"}],"agreement":[{"id":""}],"place":"http://map.google.com/.../1234112GDE","realizingResources":[{"id":"not useful in this case, we are describing a service"}],"realizingServices":[{"id":"http://server:port/inventoryApi/service/46779"}],"productPrices":[{"name":"","description":"","validFor":{"startDateTime":"2014-04-25T14:16:43","endDateTime":"2014-04-25T14:16:43"},"priceType":"recurring","unitOfMeasure":"","price":{"amount":"12","currency":"$"},"recurringChargePeriod":"monthly"}]}
   URL:http://localhost:8080/DSProductInventory/webresources/admin/productInventory/10
   TIME:4,212
   STATUS:200
   METHOD:DELETE


   RESPONSE:
{"id":"13","name":"Broadband","description":"Description of the instantiated broadband product","status":"pending active","isBundle":true,"isCustomerVisible":true,"productSerialNumber":"Not useful in this case, we are describing a service","startDate":"2014-04-25T14:16:43","orderDate":"2014-04-25T14:16:43","terminationDate":null,"productOffering":{"id":"http://server:port/catalogApi/productOffering/4","name":"My Quick BB Offer"},"productSpecification":{"id":"http://server:port/catalogApi/productOffering/4"},"productCharacteristics":[{"name":"speed","value":"16M"}],"productRelationships":[{"type":"contains","product":{"id":"http://server:port/inventoryApi/product/59"}}],"billingAccount":[{"id":"http://server:port/billingApi/billingAccount/678","name":"account name"}],"relatedParties":[{"role":"partner","reference":"http://serverlocation:port/partnerManagement/partner/42"}],"agreement":[{"id":""}],"place":"http://map.google.com/.../1234112GDE","realizingResources":[{"id":"not useful in this case, we are describing a service"}],"realizingServices":[{"id":"http://server:port/inventoryApi/service/46779"}],"productPrices":[{"name":"","description":"","validFor":{"startDateTime":"2014-04-25T14:16:43","endDateTime":"2014-04-25T14:16:43"},"priceType":"recurring","unitOfMeasure":"","price":{"amount":"12","currency":"$"},"recurringChargePeriod":"monthly"}]}
   URL:http://localhost:8080/DSProductInventory/webresources/productInventory/
   TIME:0,179
   STATUS:201
   METHOD:POST
   INPUT FILE:./json/create.json


   RESPONSE:
<!DOCTYPE html PUBLIC "-//W3C//DTD XHTML 1.0 Strict//EN" "http://www.w3.org/TR/xhtml1/DTD/xhtml1-strict.dtd"><html xmlns="http://www.w3.org/1999/xhtml"><head><title>Oracle GlassFish Server 3.1.2.2 - Error report</title><style type="text/css"><!--H1 {font-family:Tahoma,Arial,sans-serif;color:white;background-color:#525D76;font-size:22px;} H2 {font-family:Tahoma,Arial,sans-serif;color:white;background-color:#525D76;font-size:16px;} H3 {font-family:Tahoma,Arial,sans-serif;color:white;background-color:#525D76;font-size:14px;} BODY {font-family:Tahoma,Arial,sans-serif;color:black;background-color:white;} B {font-family:Tahoma,Arial,sans-serif;color:white;background-color:#525D76;} P {font-family:Tahoma,Arial,sans-serif;background:white;color:black;font-size:12px;}A {color : black;}HR {color : #525D76;}--></style> </head><body><h1>HTTP Status 404 - Not Found</h1><hr/><p><b>type</b> Status report</p><p><b>message</b>Not Found</p><p><b>description</b>The requested resource (Not Found) is not available.</p><hr/><h3>Oracle GlassFish Server 3.1.2.2</h3></body></html>
   URL:http://localhost:8080/DSProductInventory/webresources/productInventory/admin/count
   TIME:0,042
   STATUS:404
   METHOD:GET


   RESPONSE:
{"currentRows":"0"}
   URL:http://localhost:8080/DSProductInventory/webresources/productInventory/admin/count
   TIME:3,902
   STATUS:200
   METHOD:GET


   RESPONSE:
{"id":"1","name":"Broadband","description":"Description of the instantiated broadband product","status":"pending active","isBundle":true,"isCustomerVisible":true,"productSerialNumber":"Not useful in this case, we are describing a service","startDate":"2014-04-25T14:16:43","orderDate":"2014-04-25T14:16:43","terminationDate":null,"productOffering":{"id":"http://server:port/catalogApi/productOffering/4","name":"My Quick BB Offer"},"productSpecification":{"id":"http://server:port/catalogApi/productOffering/4"},"productCharacteristics":[{"name":"speed","value":"16M"}],"productRelationships":[{"type":"contains","product":{"id":"http://server:port/inventoryApi/product/59"}}],"billingAccount":[{"id":"http://server:port/billingApi/billingAccount/678","name":"account name"}],"relatedParties":[{"role":"partner","reference":"http://serverlocation:port/partnerManagement/partner/42"}],"agreement":[{"id":""}],"place":"http://map.google.com/.../1234112GDE","realizingResources":[{"id":"not useful in this case, we are describing a service"}],"realizingServices":[{"id":"http://server:port/inventoryApi/service/46779"}],"productPrices":[{"name":"","description":"","validFor":{"startDateTime":"2014-04-25T14:16:43","endDateTime":"2014-04-25T14:16:43"},"priceType":"recurring","unitOfMeasure":"","price":{"amount":"12","currency":"$"},"recurringChargePeriod":"monthly"}]}
   URL:http://localhost:8080/DSProductInventory/webresources/productInventory/
   TIME:0,769
   STATUS:201
   METHOD:POST
   INPUT FILE:./json/create.json


   RESPONSE:
<!DOCTYPE html PUBLIC "-//W3C//DTD XHTML 1.0 Strict//EN" "http://www.w3.org/TR/xhtml1/DTD/xhtml1-strict.dtd"><html xmlns="http://www.w3.org/1999/xhtml"><head><title>Oracle GlassFish Server 3.1.2.2 - Error report</title><style type="text/css"><!--H1 {font-family:Tahoma,Arial,sans-serif;color:white;background-color:#525D76;font-size:22px;} H2 {font-family:Tahoma,Arial,sans-serif;color:white;background-color:#525D76;font-size:16px;} H3 {font-family:Tahoma,Arial,sans-serif;color:white;background-color:#525D76;font-size:14px;} BODY {font-family:Tahoma,Arial,sans-serif;color:black;background-color:white;} B {font-family:Tahoma,Arial,sans-serif;color:white;background-color:#525D76;} P {font-family:Tahoma,Arial,sans-serif;background:white;color:black;font-size:12px;}A {color : black;}HR {color : #525D76;}--></style> </head><body><h1>HTTP Status 404 - Not Found</h1><hr/><p><b>type</b> Status report</p><p><b>message</b>Not Found</p><p><b>description</b>The requested resource (Not Found) is not available.</p><hr/><h3>Oracle GlassFish Server 3.1.2.2</h3></body></html>
   URL:http://localhost:8080/DSProductInventory/webresources/productInventory/productInventory/hub
   TIME:0,056
   STATUS:404
   METHOD:POST
   INPUT FILE:./json/hub.json


   RESPONSE:
{"id":"2","callback":"http://localhost:9000/listener","query":"eventType=ProductCreationNotification,ProductStatusChangeNotification,ProductValueChangeNotification,ProductDeletionNotification"}
   URL:http://localhost:8080/DSProductInventory/webresources/productInventory/hub
   TIME:0,079
   STATUS:200
   METHOD:POST
   INPUT FILE:./json/hub.json


   RESPONSE:
{"id":"3","name":"Broadband","description":"Description of the instantiated broadband product","status":"pending active","isBundle":true,"isCustomerVisible":true,"productSerialNumber":"Not useful in this case, we are describing a service","startDate":"2014-04-25T14:16:43","orderDate":"2014-04-25T14:16:43","terminationDate":null,"productOffering":{"id":"http://server:port/catalogApi/productOffering/4","name":"My Quick BB Offer"},"productSpecification":{"id":"http://server:port/catalogApi/productOffering/4"},"productCharacteristics":[{"name":"speed","value":"16M"}],"productRelationships":[{"type":"contains","product":{"id":"http://server:port/inventoryApi/product/59"}}],"billingAccount":[{"id":"http://server:port/billingApi/billingAccount/678","name":"account name"}],"relatedParties":[{"role":"partner","reference":"http://serverlocation:port/partnerManagement/partner/42"}],"agreement":[{"id":""}],"place":"http://map.google.com/.../1234112GDE","realizingResources":[{"id":"not useful in this case, we are describing a service"}],"realizingServices":[{"id":"http://server:port/inventoryApi/service/46779"}],"productPrices":[{"name":"","description":"","validFor":{"startDateTime":"2014-04-25T14:16:43","endDateTime":"2014-04-25T14:16:43"},"priceType":"recurring","unitOfMeasure":"","price":{"amount":"12","currency":"$"},"recurringChargePeriod":"monthly"}]}
   URL:http://localhost:8080/DSProductInventory/webresources/productInventory/
   TIME:0,161
   STATUS:201
   METHOD:POST
   INPUT FILE:./json/create.json


   RESPONSE:
{"id":"3","name":"Broadband","description":"Description of the instantiated broadband product","status":"pending active","isBundle":true,"isCustomerVisible":true,"productSerialNumber":"Not useful in this case, we are describing a service","startDate":"2014-04-25T14:16:43","orderDate":"2014-04-25T14:16:43","terminationDate":null,"productOffering":{"id":"http://server:port/catalogApi/productOffering/4","name":"My Quick BB Offer"},"productSpecification":{"id":"http://server:port/catalogApi/productOffering/4"},"productCharacteristics":[{"name":"speed","value":"16M"}],"productRelationships":[{"type":"contains","product":{"id":"http://server:port/inventoryApi/product/59"}}],"billingAccount":[{"id":"http://server:port/billingApi/billingAccount/678","name":"account name"}],"relatedParties":[{"role":"partner","reference":"http://serverlocation:port/partnerManagement/partner/42"}],"agreement":[{"id":""}],"place":"http://map.google.com/.../1234112GDE","realizingResources":[{"id":"not useful in this case, we are describing a service"}],"realizingServices":[{"id":"http://server:port/inventoryApi/service/46779"}],"productPrices":[{"name":"","description":"","validFor":{"startDateTime":"2014-04-25T14:16:43","endDateTime":"2014-04-25T14:16:43"},"priceType":"recurring","unitOfMeasure":"","price":{"amount":"12","currency":"$"},"recurringChargePeriod":"monthly"}]}
   URL:http://localhost:8080/DSProductInventory/webresources/productInventory/admin/3
   TIME:4,408
   STATUS:200
   METHOD:DELETE


   RESPONSE:
{"previousRows":"1","currentRows":"4","affectedRows":"3"}
   URL:http://localhost:8080/DSProductInventory/webresources/productInventory/admin
   TIME:0,310
   STATUS:201
   METHOD:POST
   INPUT FILE:./json/list-large.json

