* STATE: INIT => CONNECT handle 0x60002d130; line 998 (connection #-5000) 
* About to connect() to localhost port 8080 (#0)
*   Trying 127.0.0.1...
* Adding handle: conn: 0x60005ff70
* Adding handle: send: 0
* Adding handle: recv: 0
* Curl_addHandleToPipeline: length: 1
* 0x60002d130 is at send pipe head!
* - Conn 0 (0x60005ff70) send_pipe: 1, recv_pipe: 0
* STATE: CONNECT => WAITCONNECT handle 0x60002d130; line 1045 (connection #0) 
  % Total    % Received % Xferd  Average Speed   Time    Time     Time  Current
                                 Dload  Upload   Total   Spent    Left  Speed
  0     0    0     0    0     0      0      0 --:--:-- --:--:-- --:--:--     0* Connected to localhost (127.0.0.1) port 8080 (#0)
* STATE: WAITCONNECT => DO handle 0x60002d130; line 1164 (connection #0) 
* Server auth using Basic with user 'user'
> POST /DSProductInventory/webresources/productInventory/admin HTTP/1.1
> Authorization: Basic dXNlcjp1c2Vy
> User-Agent: curl/7.33.0
> Host: localhost:8080
> Content-Type:application/json
> Accept:application/json
> Content-Length: 5865
> Expect: 100-continue
> 
* STATE: DO => DO_DONE handle 0x60002d130; line 1250 (connection #0) 
* STATE: DO_DONE => WAITPERFORM handle 0x60002d130; line 1371 (connection #0) 
* STATE: WAITPERFORM => PERFORM handle 0x60002d130; line 1382 (connection #0) 
* HTTP 1.1 or later with persistent connection, pipelining supported
< HTTP/1.1 100 Continue
} [data not shown]
* HTTP 1.1 or later with persistent connection, pipelining supported
< HTTP/1.1 201 Created
< X-Powered-By: Servlet/3.0 JSP/2.2 (Oracle GlassFish Server 3.1.2.2 Java/Sun Microsystems Inc./1.6)
* Server Oracle GlassFish Server 3.1.2.2 is not blacklisted
< Server: Oracle GlassFish Server 3.1.2.2
< Content-Type: application/json
< Transfer-Encoding: chunked
< Date: Thu, 14 Aug 2014 14:47:29 GMT
< 
{ [data not shown]
* STATE: PERFORM => DONE handle 0x60002d130; line 1552 (connection #0) 
100  5922    0    57  100  5865    183  18917 --:--:-- --:--:-- --:--:-- 21405
* Connection #0 to host localhost left intact
* Expire cleared
